<TestResult><TestSuite name="ringbuffertest" result="passed" assertions_passed="52" assertions_failed="0" expected_failures="0" test_cases_passed="8" test_cases_failed="0" test_cases_skipped="0" test_cases_aborted="0"><TestSuite name="ringbuffertest" result="passed" assertions_passed="52" assertions_failed="0" expected_failures="0" test_cases_passed="8" test_cases_failed="0" test_cases_skipped="0" test_cases_aborted="0"><TestCase name="ringbuffer_instantiated" result="passed" assertions_passed="1" assertions_failed="0" expected_failures="0"></TestCase><TestCase name="WriteBinaryIntoRingBuffer_which_is_too_small" result="passed" assertions_passed="2" assertions_failed="0" expected_failures="0"></TestCase><TestCase name="WriteBinaryIntoRingBuffer_which_has_room_enough" result="passed" assertions_passed="2" assertions_failed="0" expected_failures="0"></TestCase><TestCase name="ReadBinaryFromRingBuffer" result="passed" assertions_passed="3" assertions_failed="0" expected_failures="0"></TestCase><TestCase name="WriteDataframeToRingbuffer" result="passed" assertions_passed="2" assertions_failed="0" expected_failures="0"></TestCase><TestCase name="ReadDataframeFromRingbuffer" result="passed" assertions_passed="2" assertions_failed="0" expected_failures="0"></TestCase><TestCase name="ReadDEDFromDataframeFromRingbuffer" result="passed" assertions_passed="11" assertions_failed="0" expected_failures="0"></TestCase><TestCase name="ReadMultipleDEDFromDataframeFromRingbuffer" result="passed" assertions_passed="29" assertions_failed="0" expected_failures="0"></TestCase></TestSuite></TestSuite></TestResult>