<TestResult><TestSuite name="requesthandlertest" result="failed" assertions_passed="10" assertions_failed="1" expected_failures="0" test_cases_passed="6" test_cases_failed="1" test_cases_skipped="0" test_cases_aborted="0"><TestSuite name="requesthandlertest" result="failed" assertions_passed="10" assertions_failed="1" expected_failures="0" test_cases_passed="6" test_cases_failed="1" test_cases_skipped="0" test_cases_aborted="0"><TestCase name="boostchecktest" result="passed" assertions_passed="1" assertions_failed="0" expected_failures="0"></TestCase><TestCase name="getNumberFromString" result="passed" assertions_passed="1" assertions_failed="0" expected_failures="0"></TestCase><TestCase name="basicMD5test" result="passed" assertions_passed="1" assertions_failed="0" expected_failures="0"></TestCase><TestCase name="md5challengetest" result="passed" assertions_passed="5" assertions_failed="0" expected_failures="0"></TestCase><TestCase name="md5challengetest2" result="passed" assertions_passed="1" assertions_failed="0" expected_failures="0"></TestCase><TestCase name="md5challengetest3" result="failed" assertions_passed="0" assertions_failed="1" expected_failures="0"></TestCase><TestCase name="md5challengetest4" result="passed" assertions_passed="1" assertions_failed="0" expected_failures="0"></TestCase></TestSuite></TestSuite></TestResult>