<TestResult><TestSuite name="databasecontroltest" result="passed" assertions_passed="44" assertions_failed="0" expected_failures="0" test_cases_passed="16" test_cases_failed="0" test_cases_skipped="0" test_cases_aborted="0"><TestSuite name="databasecontroltest" result="passed" assertions_passed="0" assertions_failed="0" expected_failures="0" test_cases_passed="0" test_cases_failed="0" test_cases_skipped="0" test_cases_aborted="0"></TestSuite><TestCase name="databasecontrol_instantiated" result="passed" assertions_passed="1" assertions_failed="0" expected_failures="0"></TestCase><TestCase name="datadictionary_profile" result="passed" assertions_passed="2" assertions_failed="0" expected_failures="0"></TestCase><TestCase name="datadictionary_profile_toast" result="passed" assertions_passed="2" assertions_failed="0" expected_failures="0"></TestCase><TestCase name="datadictionary_profile_toast_attributes" result="passed" assertions_passed="2" assertions_failed="0" expected_failures="0"></TestCase><TestCase name="validateReadProfileEntity" result="passed" assertions_passed="3" assertions_failed="0" expected_failures="0"></TestCase><TestCase name="validateWriteProfileEntity" result="passed" assertions_passed="3" assertions_failed="0" expected_failures="0"></TestCase><TestCase name="validateUpdateProfileEntity" result="passed" assertions_passed="4" assertions_failed="0" expected_failures="0"></TestCase><TestCase name="updateEntityAttribut" result="passed" assertions_passed="4" assertions_failed="0" expected_failures="0"></TestCase><TestCase name="no_toast_ftgt" result="passed" assertions_passed="2" assertions_failed="0" expected_failures="0"></TestCase><TestCase name="with_empty_toast_ftgt" result="passed" assertions_passed="2" assertions_failed="0" expected_failures="0"></TestCase><TestCase name="validateWriteEntityFile_and_ftgt_with_toast" result="passed" assertions_passed="3" assertions_failed="0" expected_failures="0"></TestCase><TestCase name="validate_put_and_ftgt_with_toast" result="passed" assertions_passed="3" assertions_failed="0" expected_failures="0"></TestCase><TestCase name="validate_put_and_ftgt_with_imagefile_in_toast" result="passed" assertions_passed="4" assertions_failed="0" expected_failures="0"></TestCase><TestCase name="validate_put_and_ftgt_with_image_in_toast" result="passed" assertions_passed="4" assertions_failed="0" expected_failures="0"></TestCase><TestCase name="validate_put_and_ftgt_with_xlargeimage_in_toast" result="passed" assertions_passed="4" assertions_failed="0" expected_failures="0"></TestCase><TestCase name="list_realm_files" result="passed" assertions_passed="1" assertions_failed="0" expected_failures="0"></TestCase></TestSuite></TestResult>