<TestResult><TestSuite name="datadictionarycontroltest" result="passed" assertions_passed="1" assertions_failed="0" expected_failures="0" test_cases_passed="1" test_cases_failed="0" test_cases_skipped="0" test_cases_aborted="0"><TestSuite name="datadictionarycontrol" result="passed" assertions_passed="0" assertions_failed="0" expected_failures="0" test_cases_passed="0" test_cases_failed="0" test_cases_skipped="0" test_cases_aborted="0"></TestSuite><TestCase name="datadictionarycontrol_instantiated" result="passed" assertions_passed="1" assertions_failed="0" expected_failures="0"></TestCase></TestSuite></TestResult>