<TestResult><TestSuite name="webservertest" result="failed" assertions_passed="6" assertions_failed="2" expected_failures="0" test_cases_passed="3" test_cases_failed="2" test_cases_skipped="0" test_cases_aborted="1"><TestSuite name="webservertest" result="failed" assertions_passed="6" assertions_failed="2" expected_failures="0" test_cases_passed="3" test_cases_failed="2" test_cases_skipped="0" test_cases_aborted="1"><TestCase name="InstantiateWebServerObject" result="passed" assertions_passed="1" assertions_failed="0" expected_failures="0"></TestCase><TestCase name="InstantiateWebClientObject" result="failed" assertions_passed="0" assertions_failed="1" expected_failures="0"></TestCase><TestCase name="easyWebClientCommunicateWithLocalServer" result="aborted" assertions_passed="0" assertions_failed="1" expected_failures="0"></TestCase><TestCase name="NewWebClientClassObject" result="passed" assertions_passed="1" assertions_failed="0" expected_failures="0"></TestCase><TestCase name="NewWebClientCommunicateWithLocalServer" result="passed" assertions_passed="4" assertions_failed="0" expected_failures="0"></TestCase></TestSuite></TestSuite></TestResult>