<TestResult><TestSuite name="dataencodertest" result="passed" assertions_passed="101" assertions_failed="0" expected_failures="0" test_cases_passed="13" test_cases_failed="0" test_cases_skipped="0" test_cases_aborted="0"><TestSuite name="dataencodertest" result="passed" assertions_passed="101" assertions_failed="0" expected_failures="0" test_cases_passed="13" test_cases_failed="0" test_cases_skipped="0" test_cases_aborted="0"><TestCase name="EncoderInstantiation" result="passed" assertions_passed="1" assertions_failed="0" expected_failures="0"></TestCase><TestCase name="struct_start_encoder" result="passed" assertions_passed="1" assertions_failed="0" expected_failures="0"></TestCase><TestCase name="encoder_put_method" result="passed" assertions_passed="1" assertions_failed="0" expected_failures="0"></TestCase><TestCase name="encoder_put_ushort" result="passed" assertions_passed="1" assertions_failed="0" expected_failures="0"></TestCase><TestCase name="encoder_put_bool" result="passed" assertions_passed="1" assertions_failed="0" expected_failures="0"></TestCase><TestCase name="encoder_struct_end" result="passed" assertions_passed="1" assertions_failed="0" expected_failures="0"></TestCase><TestCase name="get_encoded_data" result="passed" assertions_passed="5" assertions_failed="0" expected_failures="0"></TestCase><TestCase name="put_in_dataencoder" result="passed" assertions_passed="5" assertions_failed="0" expected_failures="0"></TestCase><TestCase name="encoder_get" result="passed" assertions_passed="6" assertions_failed="0" expected_failures="0"></TestCase><TestCase name="data_protocol" result="passed" assertions_passed="10" assertions_failed="0" expected_failures="0"></TestCase><TestCase name="encode_decode_large_toast" result="passed" assertions_passed="23" assertions_failed="0" expected_failures="0"></TestCase><TestCase name="encode_decode_Xlarge_toast" result="passed" assertions_passed="23" assertions_failed="0" expected_failures="0"></TestCase><TestCase name="encode_decode_toast" result="passed" assertions_passed="23" assertions_failed="0" expected_failures="0"></TestCase></TestSuite></TestSuite></TestResult>